Устройство: cuda
  val 899,720 (атак 300,430) | test 899,718 (атак 300,428)
  2017: 1,741,895 потоков (атак 336,025, 19.3%)
  cnn          τ(argmax-F1, val-2018)=0.2364
  tcn          τ(argmax-F1, val-2018)=0.5162
  bilstm       τ(argmax-F1, val-2018)=0.9093
  gru          τ(argmax-F1, val-2018)=0.6514
  transformer  τ(argmax-F1, val-2018)=0.3713
  cnn          portscan=0.4992 (n=159,862) heartbleed=0.2222 (n=18)
  tcn          portscan=0.4989 (n=159,862) heartbleed=0.2222 (n=18)
  bilstm       portscan=0.4747 (n=159,862) heartbleed=0.2778 (n=18)
  gru          portscan=0.4747 (n=159,862) heartbleed=0.2222 (n=18)
  transformer  portscan=0.4990 (n=159,862) heartbleed=0.2222 (n=18)

================ WITHIN-2018 (test) ================
  модель            MCC  F1-macro   PR-AUC  ROC-AUC    FPR@TPR95
  cnn            0.9969    0.9984   0.9999   1.0000      0.00009
  tcn            0.9974    0.9987   0.9999   1.0000      0.00006
  bilstm         0.9966    0.9983   0.9998   0.9999      0.00006
  gru            0.9966    0.9983   0.9998   0.9999      0.00007
  transformer    0.9974    0.9987   0.9999   1.0000      0.00006

================ CROSS-2017 (перенос) ==============
  модель        MCC_фикс  MCC_опт  F1-macro   PR-AUC  ROC-AUC    FPR@TPR95
  cnn             0.4347   0.6217    0.6608   0.5754   0.5610      0.99733
  tcn             0.4583   0.6590    0.6641   0.7923   0.9112      0.40922
  bilstm          0.4780   0.8025    0.6802   0.8839   0.9649      0.14429
  gru             0.6457   0.8528    0.7971   0.8885   0.9633      0.22752
  transformer     0.4451   0.8060    0.6640   0.8781   0.9770      0.07408

===== СВОДКА как Таблица 5.1 этапа 1 (MCC) =====
  модель          within  перенос(фикс)  перенос(опт)  ROC-AUC(пер)
  cnn             0.9969         0.4347        0.6217        0.5610
  tcn             0.9974         0.4583        0.6590        0.9112
  bilstm          0.9966         0.4780        0.8025        0.9649
  gru             0.9966         0.6457        0.8528        0.9633
  transformer     0.9974         0.4451        0.8060        0.9770

Примечание: within-2018 — при доле атак выборки (≈33%); ROC-AUC и FPR@TPR95 от доли не зависят и прямо сопоставимы с этапом 1. Скоры 2017 -> ../results/2017/

  φ_agg: τ(argmax-F1, val-2018)=0.5865

================ WITHIN-2018 (test) ================
  модель            MCC  F1-macro   PR-AUC  ROC-AUC    FPR@TPR95
  φ_agg          0.9978    0.9989   0.9999   1.0000      0.00002

================ CROSS-2017 (перенос) ==============
  модель        MCC_фикс  MCC_опт  F1-macro   PR-AUC  ROC-AUC    FPR@TPR95
  φ_agg           0.6285   0.7109    0.7920   0.8146   0.9454      0.18166

===== строка для сводки 'как Таблица 5.1' (допиши к seq-строкам) =====
  φ_agg           0.9978         0.6285        0.7109        0.9454
  2017 UNSEEN: portscan = 0.5008 (n=159,862)
  2017 UNSEEN: heartbleed = 0.0000 (n=18)

  2017 UNSEEN (порог argmax-F1 val-2018):  φ_agg  portscan=0.5008  heartbleed=0.0000

  -> ../results/2017/baseline_ALL.npz
